<?xml version="1.0" encoding="UTF-8"?>
<!-- Generated by org.testng.reporters.JUnitXMLReporter -->
<testsuite hostname="LAPTOP-HP57CTMK" ignored="0" name="Test" tests="7" failures="0" timestamp="04 Feb 2019 04:47:14 GMT" time="68.19" errors="0">
  <testcase name="verifyLoginEmailMessage" time="0.452" classname="testCases.verifyLoginErrorMessages"/>
  <testcase name="verifyLoginPasswordMessage" time="0.583" classname="testCases.verifyLoginErrorMessages"/>
  <testcase name="verifyRegisterBirthdayMessage" time="0.845" classname="testCases.VerifyregisterErrorMessages"/>
  <testcase name="verifyRegisterEmailMessage" time="0.919" classname="testCases.VerifyregisterErrorMessages"/>
  <testcase name="verifyRegisterFirstNameMessage" time="5.668" classname="testCases.VerifyregisterErrorMessages"/>
  <testcase name="verifyRegisterLastNameMessage" time="1.052" classname="testCases.VerifyregisterErrorMessages"/>
  <testcase name="verifyRegisterPasswordMessage" time="0.662" classname="testCases.VerifyregisterErrorMessages"/>
</testsuite> <!-- Test -->
