<?xml version="1.0" encoding="UTF-8"?>
<!-- Generated by org.testng.reporters.JUnitXMLReporter -->
<testsuite hostname="LAPTOP-HP57CTMK" ignored="0" name="Test" tests="7" failures="0" timestamp="08 Feb 2019 03:42:47 GMT" time="28.882" errors="0">
  <testcase name="verifyLoginEmailMessage" time="0.123" classname="testCases.verifyLoginErrorMessages"/>
  <testcase name="verifyLoginPasswordMessage" time="0.126" classname="testCases.verifyLoginErrorMessages"/>
  <testcase name="verifyRegisterBirthdayMessage" time="0.168" classname="testCases.VerifyregisterErrorMessages"/>
  <testcase name="verifyRegisterEmailMessage" time="0.139" classname="testCases.VerifyregisterErrorMessages"/>
  <testcase name="verifyRegisterFirstNameMessage" time="0.083" classname="testCases.VerifyregisterErrorMessages"/>
  <testcase name="verifyRegisterLastNameMessage" time="0.097" classname="testCases.VerifyregisterErrorMessages"/>
  <testcase name="verifyRegisterPasswordMessage" time="0.081" classname="testCases.VerifyregisterErrorMessages"/>
</testsuite> <!-- Test -->
