<?xml version="1.0" encoding="UTF-8"?>
<testsuite xmlns:xsi="http://www.w3.org/2001/XMLSchema-instance" xsi:noNamespaceSchemaLocation="https://maven.apache.org/surefire/maven-surefire-plugin/xsd/surefire-test-report-3.0.xsd" version="3.0" name="TestSuite" time="95.307" tests="18" errors="0" skipped="0" failures="1">
  <properties>
[...]
</properties>
  <testcase name="verifyLoginEmailMessage" classname="testCases.verifyLoginErrorMessages" time="0.124"/>
  <testcase name="verifyLoginEmailMessage" classname="testCases.verifyLoginErrorMessages" time="0.081"/>
  <testcase name="verifyLoginPasswordMessage" classname="testCases.verifyLoginErrorMessages" time="0.124"/>
  <testcase name="verifyLoginPasswordMessage" classname="testCases.verifyLoginErrorMessages" time="0.05"/>
  <testcase name="verifyRegisterBirthdayMessage" classname="testCases.VerifyregisterErrorMessages" time="0.167"/>
  <testcase name="verifyRegisterBirthdayMessage" classname="testCases.VerifyregisterErrorMessages" time="0.098"/>
  <testcase name="verifyRegisterEmailMessage" classname="testCases.VerifyregisterErrorMessages" time="0.14"/>
  <testcase name="verifyRegisterEmailMessage" classname="testCases.VerifyregisterErrorMessages" time="0.182"/>
  <testcase name="verifyRegisterFirstNameMessage" classname="testCases.VerifyregisterErrorMessages" time="0.083"/>
  <testcase name="verifyRegisterFirstNameMessage" classname="testCases.VerifyregisterErrorMessages" time="0.164"/>
  <testcase name="verifyRegisterLastNameMessage" classname="testCases.VerifyregisterErrorMessages" time="0.098"/>
  <testcase name="verifyRegisterLastNameMessage" classname="testCases.VerifyregisterErrorMessages" time="0.106"/>
  <testcase name="verifyRegisterPasswordMessage" classname="testCases.VerifyregisterErrorMessages" time="0.082"/>
  <testcase name="verifyRegisterPasswordMessage" classname="testCases.VerifyregisterErrorMessages" time="0.134"/>
  <testcase name="loginGmailTest" classname="testCases.GmailLogin" time="13.906"/>
  <testcase name="dropdown" classname="mento.HandleDropDown" time="4.164"/>
  <testcase name="logout" classname="mento.HandleDropDown" time="4.705"/>
  <testcase name="loginfail" classname="mento.HandleDropDown" time="1.525">
    <failure message="no such element: Unable to locate element: {&quot;method&quot;:&quot;link text&quot;,&quot;selector&quot;:&quot;SIGN-OFF&quot;}&#10;  (Session info: chrome=71.0.3578.98)&#10;  (Driver info: chromedriver=2.45.615291 (ec3682e3c9061c10f26ea9e5cdcf3c53f3f74387),platform=Windows NT 10.0.17134 x86_64) (WARNING: The server did not provide any stacktrace information)&#10;Command duration or timeout: 0 milliseconds&#10;For documentation on this error, please visit: https://www.seleniumhq.org/exceptions/no_such_element.html&#10;Build info: version: &apos;3.141.59&apos;, revision: &apos;e82be7d358&apos;, time: &apos;2018-11-14T08:17:03&apos;&#10;System info: host: &apos;LAPTOP-HP57CTMK&apos;, ip: &apos;192.168.74.1&apos;, os.name: &apos;Windows 10&apos;, os.arch: &apos;amd64&apos;, os.version: &apos;10.0&apos;, java.version: &apos;1.8.0_192&apos;&#10;Driver info: org.openqa.selenium.chrome.ChromeDriver&#10;Capabilities {acceptInsecureCerts: false, acceptSslCerts: false, applicationCacheEnabled: false, browserConnectionEnabled: false, browserName: chrome, chrome: {chromedriverVersion: 2.45.615291 (ec3682e3c9061c..., userDataDir: C:\windows\TEMP\scoped_dir2...}, cssSelectorsEnabled: true, databaseEnabled: false, goog:chromeOptions: {debuggerAddress: localhost:54520}, handlesAlerts: true, hasTouchScreen: false, javascriptEnabled: true, locationContextEnabled: true, mobileEmulationEnabled: false, nativeEvents: true, networkConnectionEnabled: false, pageLoadStrategy: normal, platform: XP, platformName: XP, proxy: Proxy(), rotatable: false, setWindowRect: true, strictFileInteractability: false, takesHeapSnapshot: true, takesScreenshot: true, timeouts: {implicit: 0, pageLoad: 300000, script: 30000}, unexpectedAlertBehaviour: ignore, unhandledPromptBehavior: ignore, version: 71.0.3578.98, webStorageEnabled: true}&#10;Session ID: a8ba9738c44d928761e0ea93b09d5822&#10;*** Element info: {Using=link text, value=SIGN-OFF}" type="org.openqa.selenium.NoSuchElementException">org.openqa.selenium.NoSuchElementException: 
no such element: Unable to locate element: {"method":"link text","selector":"SIGN-OFF"}
  (Session info: chrome=71.0.3578.98)
  (Driver info: chromedriver=2.45.615291 (ec3682e3c9061c10f26ea9e5cdcf3c53f3f74387),platform=Windows NT 10.0.17134 x86_64) (WARNING: The server did not provide any stacktrace information)
Command duration or timeout: 0 milliseconds
For documentation on this error, please visit: https://www.seleniumhq.org/exceptions/no_such_element.html
Build info: version: '3.141.59', revision: 'e82be7d358', time: '2018-11-14T08:17:03'
System info: host: 'LAPTOP-HP57CTMK', ip: '192.168.74.1', os.name: 'Windows 10', os.arch: 'amd64', os.version: '10.0', java.version: '1.8.0_192'
Driver info: org.openqa.selenium.chrome.ChromeDriver
Capabilities {acceptInsecureCerts: false, acceptSslCerts: false, applicationCacheEnabled: false, browserConnectionEnabled: false, browserName: chrome, chrome: {chromedriverVersion: 2.45.615291 (ec3682e3c9061c..., userDataDir: C:\windows\TEMP\scoped_dir2...}, cssSelectorsEnabled: true, databaseEnabled: false, goog:chromeOptions: {debuggerAddress: localhost:54520}, handlesAlerts: true, hasTouchScreen: false, javascriptEnabled: true, locationContextEnabled: true, mobileEmulationEnabled: false, nativeEvents: true, networkConnectionEnabled: false, pageLoadStrategy: normal, platform: XP, platformName: XP, proxy: Proxy(), rotatable: false, setWindowRect: true, strictFileInteractability: false, takesHeapSnapshot: true, takesScreenshot: true, timeouts: {implicit: 0, pageLoad: 300000, script: 30000}, unexpectedAlertBehaviour: ignore, unhandledPromptBehavior: ignore, version: 71.0.3578.98, webStorageEnabled: true}
Session ID: a8ba9738c44d928761e0ea93b09d5822
*** Element info: {Using=link text, value=SIGN-OFF}
	at mento.HandleDropDown.loginfail(HandleDropDown.java:89)
</failure>
    <system-err><![CDATA[Starting ChromeDriver 2.45.615291 (ec3682e3c9061c10f26ea9e5cdcf3c53f3f74387) on port 44317
Only local connections are allowed.
Feb 07, 2019 10:43:50 PM org.openqa.selenium.remote.ProtocolHandshake createSession
INFO: Detected dialect: OSS
]]></system-err>
  </testcase>
</testsuite>