<?xml version="1.0" encoding="UTF-8"?>
<!-- Generated by org.testng.reporters.JUnitXMLReporter -->
<testsuite hostname="LAPTOP-HP57CTMK" ignored="0" name="Test" tests="7" failures="0" timestamp="08 Feb 2019 03:43:18 GMT" time="30.816" errors="0">
  <testcase name="verifyLoginEmailMessage" time="0.082" classname="testCases.verifyLoginErrorMessages"/>
  <testcase name="verifyLoginPasswordMessage" time="0.05" classname="testCases.verifyLoginErrorMessages"/>
  <testcase name="verifyRegisterBirthdayMessage" time="0.098" classname="testCases.VerifyregisterErrorMessages"/>
  <testcase name="verifyRegisterEmailMessage" time="0.181" classname="testCases.VerifyregisterErrorMessages"/>
  <testcase name="verifyRegisterFirstNameMessage" time="0.164" classname="testCases.VerifyregisterErrorMessages"/>
  <testcase name="verifyRegisterLastNameMessage" time="0.106" classname="testCases.VerifyregisterErrorMessages"/>
  <testcase name="verifyRegisterPasswordMessage" time="0.133" classname="testCases.VerifyregisterErrorMessages"/>
</testsuite> <!-- Test -->
